[0.215s] Invoking command in '/home/atom/Robotics/lab5/ex04/build/robot_description': CMAKE_PREFIX_PATH=${CMAKE_PREFIX_PATH}:/home/atom/Robotics/lab5/ex04/install/robot:/opt/ros/humble /usr/bin/cmake --build /home/atom/Robotics/lab5/ex04/build/robot_description -- -j16 -l16
[0.255s] Invoked command in '/home/atom/Robotics/lab5/ex04/build/robot_description' returned '0': CMAKE_PREFIX_PATH=${CMAKE_PREFIX_PATH}:/home/atom/Robotics/lab5/ex04/install/robot:/opt/ros/humble /usr/bin/cmake --build /home/atom/Robotics/lab5/ex04/build/robot_description -- -j16 -l16
[0.291s] Invoking command in '/home/atom/Robotics/lab5/ex04/build/robot_description': CMAKE_PREFIX_PATH=${CMAKE_PREFIX_PATH}:/home/atom/Robotics/lab5/ex04/install/robot:/opt/ros/humble /usr/bin/cmake --install /home/atom/Robotics/lab5/ex04/build/robot_description
[0.298s] -- Install configuration: ""
[0.298s] -- Up-to-date: /home/atom/Robotics/lab5/ex04/install/robot_description/share/robot_description//urdf
[0.299s] -- Up-to-date: /home/atom/Robotics/lab5/ex04/install/robot_description/share/robot_description//urdf/gazebo.urdf.xacro
[0.299s] -- Installing: /home/atom/Robotics/lab5/ex04/install/robot_description/share/robot_description//urdf/robot.urdf.xacro
[0.299s] -- Up-to-date: /home/atom/Robotics/lab5/ex04/install/robot_description/share/ament_index/resource_index/package_run_dependencies/robot_description
[0.299s] -- Up-to-date: /home/atom/Robotics/lab5/ex04/install/robot_description/share/ament_index/resource_index/parent_prefix_path/robot_description
[0.299s] -- Up-to-date: /home/atom/Robotics/lab5/ex04/install/robot_description/share/robot_description/environment/ament_prefix_path.sh
[0.299s] -- Up-to-date: /home/atom/Robotics/lab5/ex04/install/robot_description/share/robot_description/environment/ament_prefix_path.dsv
[0.299s] -- Up-to-date: /home/atom/Robotics/lab5/ex04/install/robot_description/share/robot_description/environment/path.sh
[0.299s] -- Up-to-date: /home/atom/Robotics/lab5/ex04/install/robot_description/share/robot_description/environment/path.dsv
[0.299s] -- Up-to-date: /home/atom/Robotics/lab5/ex04/install/robot_description/share/robot_description/local_setup.bash
[0.300s] -- Up-to-date: /home/atom/Robotics/lab5/ex04/install/robot_description/share/robot_description/local_setup.sh
[0.300s] -- Up-to-date: /home/atom/Robotics/lab5/ex04/install/robot_description/share/robot_description/local_setup.zsh
[0.300s] -- Up-to-date: /home/atom/Robotics/lab5/ex04/install/robot_description/share/robot_description/local_setup.dsv
[0.300s] -- Installing: /home/atom/Robotics/lab5/ex04/install/robot_description/share/robot_description/package.dsv
[0.300s] -- Up-to-date: /home/atom/Robotics/lab5/ex04/install/robot_description/share/ament_index/resource_index/packages/robot_description
[0.300s] -- Up-to-date: /home/atom/Robotics/lab5/ex04/install/robot_description/share/robot_description/cmake/robot_descriptionConfig.cmake
[0.300s] -- Up-to-date: /home/atom/Robotics/lab5/ex04/install/robot_description/share/robot_description/cmake/robot_descriptionConfig-version.cmake
[0.300s] -- Up-to-date: /home/atom/Robotics/lab5/ex04/install/robot_description/share/robot_description/package.xml
[0.311s] Invoked command in '/home/atom/Robotics/lab5/ex04/build/robot_description' returned '0': CMAKE_PREFIX_PATH=${CMAKE_PREFIX_PATH}:/home/atom/Robotics/lab5/ex04/install/robot:/opt/ros/humble /usr/bin/cmake --install /home/atom/Robotics/lab5/ex04/build/robot_description
