[0.186s] Invoking command in '/home/atom/Robotics/lab5/ex04/build/robot_bringup': CMAKE_PREFIX_PATH=/opt/ros/humble /usr/bin/cmake /home/atom/Robotics/lab5/ex04/robot_bringup -DCMAKE_INSTALL_PREFIX=/home/atom/Robotics/lab5/ex04/install/robot_bringup
[0.307s] -- The C compiler identification is GNU 11.4.0
[0.385s] -- The CXX compiler identification is GNU 11.4.0
[0.396s] -- Detecting C compiler ABI info
[0.467s] -- Detecting C compiler ABI info - done
[0.473s] -- Check for working C compiler: /usr/bin/cc - skipped
[0.473s] -- Detecting C compile features
[0.473s] -- Detecting C compile features - done
[0.477s] -- Detecting CXX compiler ABI info
[0.551s] -- Detecting CXX compiler ABI info - done
[0.557s] -- Check for working CXX compiler: /usr/bin/c++ - skipped
[0.557s] -- Detecting CXX compile features
[0.557s] -- Detecting CXX compile features - done
[0.563s] -- Found ament_cmake: 1.3.10 (/opt/ros/humble/share/ament_cmake/cmake)
[0.883s] -- Found Python3: /usr/bin/python3 (found version "3.10.12") found components: Interpreter 
[0.965s] -- Found ament_lint_auto: 0.12.11 (/opt/ros/humble/share/ament_lint_auto/cmake)
[1.021s] -- Configuring done
[1.024s] -- Generating done
[1.025s] -- Build files have been written to: /home/atom/Robotics/lab5/ex04/build/robot_bringup
[1.033s] Invoked command in '/home/atom/Robotics/lab5/ex04/build/robot_bringup' returned '0': CMAKE_PREFIX_PATH=/opt/ros/humble /usr/bin/cmake /home/atom/Robotics/lab5/ex04/robot_bringup -DCMAKE_INSTALL_PREFIX=/home/atom/Robotics/lab5/ex04/install/robot_bringup
[1.034s] Invoking command in '/home/atom/Robotics/lab5/ex04/build/robot_bringup': CMAKE_PREFIX_PATH=/opt/ros/humble /usr/bin/cmake --build /home/atom/Robotics/lab5/ex04/build/robot_bringup -- -j16 -l16
[1.068s] Invoked command in '/home/atom/Robotics/lab5/ex04/build/robot_bringup' returned '0': CMAKE_PREFIX_PATH=/opt/ros/humble /usr/bin/cmake --build /home/atom/Robotics/lab5/ex04/build/robot_bringup -- -j16 -l16
[1.098s] Invoking command in '/home/atom/Robotics/lab5/ex04/build/robot_bringup': CMAKE_PREFIX_PATH=/opt/ros/humble /usr/bin/cmake --install /home/atom/Robotics/lab5/ex04/build/robot_bringup
[1.106s] -- Install configuration: ""
[1.106s] -- Installing: /home/atom/Robotics/lab5/ex04/install/robot_bringup/share/robot_bringup/launch
[1.106s] -- Installing: /home/atom/Robotics/lab5/ex04/install/robot_bringup/share/robot_bringup/launch/diff_drive.launch.py
[1.106s] -- Installing: /home/atom/Robotics/lab5/ex04/install/robot_bringup/share/robot_bringup/config
[1.107s] -- Installing: /home/atom/Robotics/lab5/ex04/install/robot_bringup/share/robot_bringup/config/diff_drive.rviz
[1.107s] -- Installing: /home/atom/Robotics/lab5/ex04/install/robot_bringup/share/robot_bringup/config/robot_bridge.yaml
[1.108s] -- Installing: /home/atom/Robotics/lab5/ex04/install/robot_bringup/share/ament_index/resource_index/package_run_dependencies/robot_bringup
[1.108s] -- Installing: /home/atom/Robotics/lab5/ex04/install/robot_bringup/share/ament_index/resource_index/parent_prefix_path/robot_bringup
[1.108s] -- Installing: /home/atom/Robotics/lab5/ex04/install/robot_bringup/share/robot_bringup/environment/ament_prefix_path.sh
[1.108s] -- Installing: /home/atom/Robotics/lab5/ex04/install/robot_bringup/share/robot_bringup/environment/ament_prefix_path.dsv
[1.108s] -- Installing: /home/atom/Robotics/lab5/ex04/install/robot_bringup/share/robot_bringup/environment/path.sh
[1.108s] -- Installing: /home/atom/Robotics/lab5/ex04/install/robot_bringup/share/robot_bringup/environment/path.dsv
[1.108s] -- Installing: /home/atom/Robotics/lab5/ex04/install/robot_bringup/share/robot_bringup/local_setup.bash
[1.109s] -- Installing: /home/atom/Robotics/lab5/ex04/install/robot_bringup/share/robot_bringup/local_setup.sh
[1.109s] -- Installing: /home/atom/Robotics/lab5/ex04/install/robot_bringup/share/robot_bringup/local_setup.zsh
[1.109s] -- Installing: /home/atom/Robotics/lab5/ex04/install/robot_bringup/share/robot_bringup/local_setup.dsv
[1.109s] -- Installing: /home/atom/Robotics/lab5/ex04/install/robot_bringup/share/robot_bringup/package.dsv
[1.109s] -- Installing: /home/atom/Robotics/lab5/ex04/install/robot_bringup/share/ament_index/resource_index/packages/robot_bringup
[1.109s] -- Installing: /home/atom/Robotics/lab5/ex04/install/robot_bringup/share/robot_bringup/cmake/robot_bringupConfig.cmake
[1.109s] -- Installing: /home/atom/Robotics/lab5/ex04/install/robot_bringup/share/robot_bringup/cmake/robot_bringupConfig-version.cmake
[1.110s] -- Installing: /home/atom/Robotics/lab5/ex04/install/robot_bringup/share/robot_bringup/package.xml
[1.126s] Invoked command in '/home/atom/Robotics/lab5/ex04/build/robot_bringup' returned '0': CMAKE_PREFIX_PATH=/opt/ros/humble /usr/bin/cmake --install /home/atom/Robotics/lab5/ex04/build/robot_bringup
