[0.796s] Invoking command in '/home/atom/Robotics/lab5/ex04/robot': PYTHONPATH=/home/atom/Robotics/lab5/ex04/build/robot/prefix_override:/usr/lib/python3/dist-packages/colcon_core/task/python/colcon_distutils_commands:/home/atom/Robotics/lab5/ex04/install/robot/lib/python3.10/site-packages:${PYTHONPATH} /usr/bin/python3 -W ignore:setup.py install is deprecated setup.py egg_info --egg-base ../build/robot build --build-base /home/atom/Robotics/lab5/ex04/build/robot/build install --record /home/atom/Robotics/lab5/ex04/build/robot/install.log --single-version-externally-managed install_data
[0.919s] /home/atom/.local/lib/python3.10/site-packages/setuptools/_distutils/dist.py:261: UserWarning: Unknown distribution option: 'tests_require'
[0.919s]   warnings.warn(msg)
[1.014s] running egg_info
[1.029s] writing ../build/robot/robot.egg-info/PKG-INFO
[1.030s] writing dependency_links to ../build/robot/robot.egg-info/dependency_links.txt
[1.030s] writing entry points to ../build/robot/robot.egg-info/entry_points.txt
[1.030s] writing requirements to ../build/robot/robot.egg-info/requires.txt
[1.030s] writing top-level names to ../build/robot/robot.egg-info/top_level.txt
[1.062s] reading manifest file '../build/robot/robot.egg-info/SOURCES.txt'
[1.063s] writing manifest file '../build/robot/robot.egg-info/SOURCES.txt'
[1.063s] running build
[1.063s] running build_py
[1.063s] copying robot/__init__.py -> /home/atom/Robotics/lab5/ex04/build/robot/build/lib/robot
[1.064s] running install
[1.067s] running install_lib
[1.083s] running install_data
[1.083s] copying resource/robot -> /home/atom/Robotics/lab5/ex04/install/robot/share/ament_index/resource_index/packages
[1.083s] copying package.xml -> /home/atom/Robotics/lab5/ex04/install/robot/share/robot
[1.083s] running install_egg_info
[1.099s] removing '/home/atom/Robotics/lab5/ex04/install/robot/lib/python3.10/site-packages/robot-0.0.0-py3.10.egg-info' (and everything under it)
[1.099s] Copying ../build/robot/robot.egg-info to /home/atom/Robotics/lab5/ex04/install/robot/lib/python3.10/site-packages/robot-0.0.0-py3.10.egg-info
[1.100s] running install_scripts
[1.221s] Installing cycle script to /home/atom/Robotics/lab5/ex04/install/robot/lib/robot
[1.222s] writing list of installed files to '/home/atom/Robotics/lab5/ex04/build/robot/install.log'
[1.251s] Invoked command in '/home/atom/Robotics/lab5/ex04/robot' returned '0': PYTHONPATH=/home/atom/Robotics/lab5/ex04/build/robot/prefix_override:/usr/lib/python3/dist-packages/colcon_core/task/python/colcon_distutils_commands:/home/atom/Robotics/lab5/ex04/install/robot/lib/python3.10/site-packages:${PYTHONPATH} /usr/bin/python3 -W ignore:setup.py install is deprecated setup.py egg_info --egg-base ../build/robot build --build-base /home/atom/Robotics/lab5/ex04/build/robot/build install --record /home/atom/Robotics/lab5/ex04/build/robot/install.log --single-version-externally-managed install_data
