[0.716s] Invoking command in '/home/atom/Robotics/lab5/ex04/robot': PYTHONPATH=/home/atom/Robotics/lab5/ex04/build/robot/prefix_override:/usr/lib/python3/dist-packages/colcon_core/task/python/colcon_distutils_commands:/home/atom/Robotics/lab5/ex04/install/robot/lib/python3.10/site-packages:${PYTHONPATH} /usr/bin/python3 -W ignore:setup.py install is deprecated setup.py egg_info --egg-base ../build/robot build --build-base /home/atom/Robotics/lab5/ex04/build/robot/build install --record /home/atom/Robotics/lab5/ex04/build/robot/install.log --single-version-externally-managed install_data
[0.835s] /home/atom/.local/lib/python3.10/site-packages/setuptools/_distutils/dist.py:261: UserWarning: Unknown distribution option: 'tests_require'
[0.835s]   warnings.warn(msg)
[0.929s] running egg_info
[0.945s] writing ../build/robot/robot.egg-info/PKG-INFO
[0.945s] writing dependency_links to ../build/robot/robot.egg-info/dependency_links.txt
[0.945s] writing entry points to ../build/robot/robot.egg-info/entry_points.txt
[0.945s] writing requirements to ../build/robot/robot.egg-info/requires.txt
[0.945s] writing top-level names to ../build/robot/robot.egg-info/top_level.txt
[0.978s] reading manifest file '../build/robot/robot.egg-info/SOURCES.txt'
[0.979s] writing manifest file '../build/robot/robot.egg-info/SOURCES.txt'
[0.979s] running build
[0.979s] running build_py
[0.979s] copying robot/__init__.py -> /home/atom/Robotics/lab5/ex04/build/robot/build/lib/robot
[0.979s] running install
[0.982s] running install_lib
[0.998s] running install_data
[0.998s] copying resource/robot -> /home/atom/Robotics/lab5/ex04/install/robot/share/ament_index/resource_index/packages
[0.998s] copying package.xml -> /home/atom/Robotics/lab5/ex04/install/robot/share/robot
[0.998s] running install_egg_info
[1.015s] removing '/home/atom/Robotics/lab5/ex04/install/robot/lib/python3.10/site-packages/robot-0.0.0-py3.10.egg-info' (and everything under it)
[1.015s] Copying ../build/robot/robot.egg-info to /home/atom/Robotics/lab5/ex04/install/robot/lib/python3.10/site-packages/robot-0.0.0-py3.10.egg-info
[1.016s] running install_scripts
[1.137s] Installing cycle script to /home/atom/Robotics/lab5/ex04/install/robot/lib/robot
[1.137s] writing list of installed files to '/home/atom/Robotics/lab5/ex04/build/robot/install.log'
[1.165s] Invoked command in '/home/atom/Robotics/lab5/ex04/robot' returned '0': PYTHONPATH=/home/atom/Robotics/lab5/ex04/build/robot/prefix_override:/usr/lib/python3/dist-packages/colcon_core/task/python/colcon_distutils_commands:/home/atom/Robotics/lab5/ex04/install/robot/lib/python3.10/site-packages:${PYTHONPATH} /usr/bin/python3 -W ignore:setup.py install is deprecated setup.py egg_info --egg-base ../build/robot build --build-base /home/atom/Robotics/lab5/ex04/build/robot/build install --record /home/atom/Robotics/lab5/ex04/build/robot/install.log --single-version-externally-managed install_data
