[0.197s] Invoking command in '/home/atom/Robotics/lab5/ex04/build/robot_bringup': CMAKE_PREFIX_PATH=${CMAKE_PREFIX_PATH}:/home/atom/Robotics/lab5/ex04/install/robot:/opt/ros/humble /usr/bin/cmake --build /home/atom/Robotics/lab5/ex04/build/robot_bringup -- -j16 -l16
[0.237s] Invoked command in '/home/atom/Robotics/lab5/ex04/build/robot_bringup' returned '0': CMAKE_PREFIX_PATH=${CMAKE_PREFIX_PATH}:/home/atom/Robotics/lab5/ex04/install/robot:/opt/ros/humble /usr/bin/cmake --build /home/atom/Robotics/lab5/ex04/build/robot_bringup -- -j16 -l16
[0.267s] Invoking command in '/home/atom/Robotics/lab5/ex04/build/robot_bringup': CMAKE_PREFIX_PATH=${CMAKE_PREFIX_PATH}:/home/atom/Robotics/lab5/ex04/install/robot:/opt/ros/humble /usr/bin/cmake --install /home/atom/Robotics/lab5/ex04/build/robot_bringup
[0.275s] -- Install configuration: ""
[0.275s] -- Up-to-date: /home/atom/Robotics/lab5/ex04/install/robot_bringup/share/robot_bringup/launch
[0.276s] -- Up-to-date: /home/atom/Robotics/lab5/ex04/install/robot_bringup/share/robot_bringup/launch/diff_drive.launch.py
[0.276s] -- Up-to-date: /home/atom/Robotics/lab5/ex04/install/robot_bringup/share/robot_bringup/config
[0.276s] -- Up-to-date: /home/atom/Robotics/lab5/ex04/install/robot_bringup/share/robot_bringup/config/diff_drive.rviz
[0.276s] -- Up-to-date: /home/atom/Robotics/lab5/ex04/install/robot_bringup/share/robot_bringup/config/robot_bridge.yaml
[0.276s] -- Up-to-date: /home/atom/Robotics/lab5/ex04/install/robot_bringup/share/ament_index/resource_index/package_run_dependencies/robot_bringup
[0.276s] -- Up-to-date: /home/atom/Robotics/lab5/ex04/install/robot_bringup/share/ament_index/resource_index/parent_prefix_path/robot_bringup
[0.276s] -- Up-to-date: /home/atom/Robotics/lab5/ex04/install/robot_bringup/share/robot_bringup/environment/ament_prefix_path.sh
[0.276s] -- Up-to-date: /home/atom/Robotics/lab5/ex04/install/robot_bringup/share/robot_bringup/environment/ament_prefix_path.dsv
[0.276s] -- Up-to-date: /home/atom/Robotics/lab5/ex04/install/robot_bringup/share/robot_bringup/environment/path.sh
[0.276s] -- Up-to-date: /home/atom/Robotics/lab5/ex04/install/robot_bringup/share/robot_bringup/environment/path.dsv
[0.277s] -- Up-to-date: /home/atom/Robotics/lab5/ex04/install/robot_bringup/share/robot_bringup/local_setup.bash
[0.277s] -- Up-to-date: /home/atom/Robotics/lab5/ex04/install/robot_bringup/share/robot_bringup/local_setup.sh
[0.277s] -- Up-to-date: /home/atom/Robotics/lab5/ex04/install/robot_bringup/share/robot_bringup/local_setup.zsh
[0.277s] -- Up-to-date: /home/atom/Robotics/lab5/ex04/install/robot_bringup/share/robot_bringup/local_setup.dsv
[0.277s] -- Installing: /home/atom/Robotics/lab5/ex04/install/robot_bringup/share/robot_bringup/package.dsv
[0.277s] -- Up-to-date: /home/atom/Robotics/lab5/ex04/install/robot_bringup/share/ament_index/resource_index/packages/robot_bringup
[0.277s] -- Up-to-date: /home/atom/Robotics/lab5/ex04/install/robot_bringup/share/robot_bringup/cmake/robot_bringupConfig.cmake
[0.277s] -- Up-to-date: /home/atom/Robotics/lab5/ex04/install/robot_bringup/share/robot_bringup/cmake/robot_bringupConfig-version.cmake
[0.277s] -- Up-to-date: /home/atom/Robotics/lab5/ex04/install/robot_bringup/share/robot_bringup/package.xml
[0.288s] Invoked command in '/home/atom/Robotics/lab5/ex04/build/robot_bringup' returned '0': CMAKE_PREFIX_PATH=${CMAKE_PREFIX_PATH}:/home/atom/Robotics/lab5/ex04/install/robot:/opt/ros/humble /usr/bin/cmake --install /home/atom/Robotics/lab5/ex04/build/robot_bringup
