[0.648s] Invoking command in '/home/atom/ros2_ws3/build/atom_package': PYTHONPATH=/home/atom/ros2_ws3/build/atom_package/prefix_override:/usr/lib/python3/dist-packages/colcon_core/task/python/colcon_distutils_commands:/home/atom/ros2_ws3/install/atom_package/lib/python3.10/site-packages:${PYTHONPATH} /usr/bin/python3 -W ignore:setup.py install is deprecated setup.py develop --editable --build-directory /home/atom/ros2_ws3/build/atom_package/build --no-deps symlink_data
[0.763s] /home/atom/.local/lib/python3.10/site-packages/setuptools/_distutils/dist.py:261: UserWarning: Unknown distribution option: 'tests_require'
[0.763s]   warnings.warn(msg)
[0.907s] running develop
[0.907s] /home/atom/.local/lib/python3.10/site-packages/setuptools/command/develop.py:41: EasyInstallDeprecationWarning: easy_install command is deprecated.
[0.907s] !!
[0.907s] 
[0.907s]         ********************************************************************************
[0.907s]         Please avoid running ``setup.py`` and ``easy_install``.
[0.907s]         Instead, use pypa/build, pypa/installer or other
[0.907s]         standards-based tools.
[0.907s] 
[0.907s]         See https://github.com/pypa/setuptools/issues/917 for details.
[0.907s]         ********************************************************************************
[0.907s] 
[0.907s] !!
[0.907s]   easy_install.initialize_options(self)
[1.096s] running egg_info
[1.096s] creating atom_package.egg-info
[1.111s] writing atom_package.egg-info/PKG-INFO
[1.111s] writing dependency_links to atom_package.egg-info/dependency_links.txt
[1.112s] writing entry points to atom_package.egg-info/entry_points.txt
[1.112s] writing requirements to atom_package.egg-info/requires.txt
[1.112s] writing top-level names to atom_package.egg-info/top_level.txt
[1.112s] writing manifest file 'atom_package.egg-info/SOURCES.txt'
[1.142s] reading manifest file 'atom_package.egg-info/SOURCES.txt'
[1.143s] writing manifest file 'atom_package.egg-info/SOURCES.txt'
[1.172s] running build_ext
[1.172s] Creating /home/atom/ros2_ws3/install/atom_package/lib/python3.10/site-packages/atom-package.egg-link (link to .)
[1.173s] Installing my_node script to /home/atom/ros2_ws3/install/atom_package/lib/atom_package
[1.173s] 
[1.173s] Installed /home/atom/ros2_ws3/build/atom_package
[1.173s] running symlink_data
[1.173s] creating /home/atom/ros2_ws3/install/atom_package/share/ament_index
[1.173s] creating /home/atom/ros2_ws3/install/atom_package/share/ament_index/resource_index
[1.173s] creating /home/atom/ros2_ws3/install/atom_package/share/ament_index/resource_index/packages
[1.173s] symbolically linking /home/atom/ros2_ws3/build/atom_package/resource/atom_package -> /home/atom/ros2_ws3/install/atom_package/share/ament_index/resource_index/packages
[1.174s] symbolically linking /home/atom/ros2_ws3/build/atom_package/package.xml -> /home/atom/ros2_ws3/install/atom_package/share/atom_package
[1.208s] Invoked command in '/home/atom/ros2_ws3/build/atom_package' returned '0': PYTHONPATH=/home/atom/ros2_ws3/build/atom_package/prefix_override:/usr/lib/python3/dist-packages/colcon_core/task/python/colcon_distutils_commands:/home/atom/ros2_ws3/install/atom_package/lib/python3.10/site-packages:${PYTHONPATH} /usr/bin/python3 -W ignore:setup.py install is deprecated setup.py develop --editable --build-directory /home/atom/ros2_ws3/build/atom_package/build --no-deps symlink_data
