[0.104s] DEBUG:colcon:Command line arguments: ['/usr/bin/colcon', 'build']
[0.104s] DEBUG:colcon:Parsed command line arguments: Namespace(log_base=None, log_level=None, verb_name='build', build_base='build', install_base='install', merge_install=False, symlink_install=False, test_result_base=None, continue_on_error=False, executor='parallel', parallel_workers=16, event_handlers=None, ignore_user_meta=False, metas=['./colcon.meta'], base_paths=['.'], packages_ignore=None, packages_ignore_regex=None, paths=None, packages_up_to=None, packages_up_to_regex=None, packages_above=None, packages_above_and_dependencies=None, packages_above_depth=None, packages_select_by_dep=None, packages_skip_by_dep=None, packages_skip_up_to=None, packages_select_build_failed=False, packages_skip_build_finished=False, packages_select_test_failures=False, packages_skip_test_passed=False, packages_select=None, packages_skip=None, packages_select_regex=None, packages_skip_regex=None, packages_start=None, packages_end=None, allow_overriding=[], cmake_args=None, cmake_target=None, cmake_target_skip_unavailable=False, cmake_clean_cache=False, cmake_clean_first=False, cmake_force_configure=False, ament_cmake_args=None, catkin_cmake_args=None, catkin_skip_building_tests=False, mixin_files=None, mixin=None, verb_parser=<colcon_mixin.mixin.mixin_argument.MixinArgumentDecorator object at 0x7c47d8abd3c0>, verb_extension=<colcon_core.verb.build.BuildVerb object at 0x7c47d8abcb50>, main=<bound method BuildVerb.main of <colcon_core.verb.build.BuildVerb object at 0x7c47d8abcb50>>, mixin_verb=('build',))
[0.132s] Level 1:colcon.colcon_core.package_discovery:discover_packages(colcon_meta) check parameters
[0.132s] Level 1:colcon.colcon_core.package_discovery:discover_packages(recursive) check parameters
[0.132s] Level 1:colcon.colcon_core.package_discovery:discover_packages(ignore) check parameters
[0.132s] Level 1:colcon.colcon_core.package_discovery:discover_packages(path) check parameters
[0.132s] Level 1:colcon.colcon_core.package_discovery:discover_packages(colcon_meta) discover
[0.132s] Level 1:colcon.colcon_core.package_discovery:discover_packages(recursive) discover
[0.132s] INFO:colcon.colcon_core.package_discovery:Crawling recursively for packages in '/home/atom/Robotics/lab5/ex04'
[0.132s] Level 1:colcon.colcon_core.package_identification:_identify(.) by extensions ['ignore', 'ignore_ament_install']
[0.132s] Level 1:colcon.colcon_core.package_identification:_identify(.) by extension 'ignore'
[0.132s] Level 1:colcon.colcon_core.package_identification:_identify(.) by extension 'ignore_ament_install'
[0.132s] Level 1:colcon.colcon_core.package_identification:_identify(.) by extensions ['colcon_pkg']
[0.132s] Level 1:colcon.colcon_core.package_identification:_identify(.) by extension 'colcon_pkg'
[0.132s] Level 1:colcon.colcon_core.package_identification:_identify(.) by extensions ['colcon_meta']
[0.132s] Level 1:colcon.colcon_core.package_identification:_identify(.) by extension 'colcon_meta'
[0.132s] Level 1:colcon.colcon_core.package_identification:_identify(.) by extensions ['ros']
[0.132s] Level 1:colcon.colcon_core.package_identification:_identify(.) by extension 'ros'
[0.143s] Level 1:colcon.colcon_core.package_identification:_identify(.) by extensions ['cmake', 'python']
[0.143s] Level 1:colcon.colcon_core.package_identification:_identify(.) by extension 'cmake'
[0.143s] Level 1:colcon.colcon_core.package_identification:_identify(.) by extension 'python'
[0.143s] Level 1:colcon.colcon_core.package_identification:_identify(.) by extensions ['python_setup_py']
[0.143s] Level 1:colcon.colcon_core.package_identification:_identify(.) by extension 'python_setup_py'
[0.143s] Level 1:colcon.colcon_core.package_identification:_identify(build) by extensions ['ignore', 'ignore_ament_install']
[0.144s] Level 1:colcon.colcon_core.package_identification:_identify(build) by extension 'ignore'
[0.144s] Level 1:colcon.colcon_core.package_identification:_identify(build) ignored
[0.144s] Level 1:colcon.colcon_core.package_identification:_identify(install) by extensions ['ignore', 'ignore_ament_install']
[0.144s] Level 1:colcon.colcon_core.package_identification:_identify(install) by extension 'ignore'
[0.144s] Level 1:colcon.colcon_core.package_identification:_identify(install) ignored
[0.144s] Level 1:colcon.colcon_core.package_identification:_identify(log) by extensions ['ignore', 'ignore_ament_install']
[0.144s] Level 1:colcon.colcon_core.package_identification:_identify(log) by extension 'ignore'
[0.144s] Level 1:colcon.colcon_core.package_identification:_identify(log) ignored
[0.144s] Level 1:colcon.colcon_core.package_identification:_identify(robot) by extensions ['ignore', 'ignore_ament_install']
[0.144s] Level 1:colcon.colcon_core.package_identification:_identify(robot) by extension 'ignore'
[0.144s] Level 1:colcon.colcon_core.package_identification:_identify(robot) by extension 'ignore_ament_install'
[0.144s] Level 1:colcon.colcon_core.package_identification:_identify(robot) by extensions ['colcon_pkg']
[0.144s] Level 1:colcon.colcon_core.package_identification:_identify(robot) by extension 'colcon_pkg'
[0.144s] Level 1:colcon.colcon_core.package_identification:_identify(robot) by extensions ['colcon_meta']
[0.144s] Level 1:colcon.colcon_core.package_identification:_identify(robot) by extension 'colcon_meta'
[0.144s] Level 1:colcon.colcon_core.package_identification:_identify(robot) by extensions ['ros']
[0.144s] Level 1:colcon.colcon_core.package_identification:_identify(robot) by extension 'ros'
[0.146s] DEBUG:colcon.colcon_core.package_identification:Package 'robot' with type 'ros.ament_python' and name 'robot'
[0.146s] Level 1:colcon.colcon_core.package_identification:_identify(robot_bringup) by extensions ['ignore', 'ignore_ament_install']
[0.146s] Level 1:colcon.colcon_core.package_identification:_identify(robot_bringup) by extension 'ignore'
[0.146s] Level 1:colcon.colcon_core.package_identification:_identify(robot_bringup) by extension 'ignore_ament_install'
[0.146s] Level 1:colcon.colcon_core.package_identification:_identify(robot_bringup) by extensions ['colcon_pkg']
[0.146s] Level 1:colcon.colcon_core.package_identification:_identify(robot_bringup) by extension 'colcon_pkg'
[0.146s] Level 1:colcon.colcon_core.package_identification:_identify(robot_bringup) by extensions ['colcon_meta']
[0.146s] Level 1:colcon.colcon_core.package_identification:_identify(robot_bringup) by extension 'colcon_meta'
[0.146s] Level 1:colcon.colcon_core.package_identification:_identify(robot_bringup) by extensions ['ros']
[0.146s] Level 1:colcon.colcon_core.package_identification:_identify(robot_bringup) by extension 'ros'
[0.146s] DEBUG:colcon.colcon_core.package_identification:Package 'robot_bringup' with type 'ros.ament_cmake' and name 'robot_bringup'
[0.147s] Level 1:colcon.colcon_core.package_identification:_identify(robot_description) by extensions ['ignore', 'ignore_ament_install']
[0.147s] Level 1:colcon.colcon_core.package_identification:_identify(robot_description) by extension 'ignore'
[0.147s] Level 1:colcon.colcon_core.package_identification:_identify(robot_description) by extension 'ignore_ament_install'
[0.147s] Level 1:colcon.colcon_core.package_identification:_identify(robot_description) by extensions ['colcon_pkg']
[0.147s] Level 1:colcon.colcon_core.package_identification:_identify(robot_description) by extension 'colcon_pkg'
[0.147s] Level 1:colcon.colcon_core.package_identification:_identify(robot_description) by extensions ['colcon_meta']
[0.147s] Level 1:colcon.colcon_core.package_identification:_identify(robot_description) by extension 'colcon_meta'
[0.147s] Level 1:colcon.colcon_core.package_identification:_identify(robot_description) by extensions ['ros']
[0.147s] Level 1:colcon.colcon_core.package_identification:_identify(robot_description) by extension 'ros'
[0.147s] DEBUG:colcon.colcon_core.package_identification:Package 'robot_description' with type 'ros.ament_cmake' and name 'robot_description'
[0.147s] Level 1:colcon.colcon_core.package_discovery:discover_packages(recursive) using defaults
[0.147s] Level 1:colcon.colcon_core.package_discovery:discover_packages(ignore) discover
[0.147s] Level 1:colcon.colcon_core.package_discovery:discover_packages(ignore) using defaults
[0.147s] Level 1:colcon.colcon_core.package_discovery:discover_packages(path) discover
[0.147s] Level 1:colcon.colcon_core.package_discovery:discover_packages(path) using defaults
[0.162s] Level 1:colcon.colcon_core.package_discovery:discover_packages(prefix_path) check parameters
[0.162s] Level 1:colcon.colcon_core.package_discovery:discover_packages(prefix_path) discover
[0.164s] DEBUG:colcon.colcon_installed_package_information.package_discovery:Found 3 installed packages in /home/atom/Robotics/lab5/ex04/install
[0.165s] DEBUG:colcon.colcon_installed_package_information.package_discovery:Found 299 installed packages in /opt/ros/humble
[0.166s] Level 1:colcon.colcon_core.package_discovery:discover_packages(prefix_path) using defaults
[0.194s] Level 5:colcon.colcon_core.verb:set package 'robot' build argument 'cmake_args' from command line to 'None'
[0.194s] Level 5:colcon.colcon_core.verb:set package 'robot' build argument 'cmake_target' from command line to 'None'
[0.194s] Level 5:colcon.colcon_core.verb:set package 'robot' build argument 'cmake_target_skip_unavailable' from command line to 'False'
[0.194s] Level 5:colcon.colcon_core.verb:set package 'robot' build argument 'cmake_clean_cache' from command line to 'False'
[0.194s] Level 5:colcon.colcon_core.verb:set package 'robot' build argument 'cmake_clean_first' from command line to 'False'
[0.194s] Level 5:colcon.colcon_core.verb:set package 'robot' build argument 'cmake_force_configure' from command line to 'False'
[0.194s] Level 5:colcon.colcon_core.verb:set package 'robot' build argument 'ament_cmake_args' from command line to 'None'
[0.194s] Level 5:colcon.colcon_core.verb:set package 'robot' build argument 'catkin_cmake_args' from command line to 'None'
[0.194s] Level 5:colcon.colcon_core.verb:set package 'robot' build argument 'catkin_skip_building_tests' from command line to 'False'
[0.194s] DEBUG:colcon.colcon_core.verb:Building package 'robot' with the following arguments: {'ament_cmake_args': None, 'build_base': '/home/atom/Robotics/lab5/ex04/build/robot', 'catkin_cmake_args': None, 'catkin_skip_building_tests': False, 'cmake_args': None, 'cmake_clean_cache': False, 'cmake_clean_first': False, 'cmake_force_configure': False, 'cmake_target': None, 'cmake_target_skip_unavailable': False, 'install_base': '/home/atom/Robotics/lab5/ex04/install/robot', 'merge_install': False, 'path': '/home/atom/Robotics/lab5/ex04/robot', 'symlink_install': False, 'test_result_base': None}
[0.195s] Level 5:colcon.colcon_core.verb:set package 'robot_bringup' build argument 'cmake_args' from command line to 'None'
[0.195s] Level 5:colcon.colcon_core.verb:set package 'robot_bringup' build argument 'cmake_target' from command line to 'None'
[0.195s] Level 5:colcon.colcon_core.verb:set package 'robot_bringup' build argument 'cmake_target_skip_unavailable' from command line to 'False'
[0.195s] Level 5:colcon.colcon_core.verb:set package 'robot_bringup' build argument 'cmake_clean_cache' from command line to 'False'
[0.195s] Level 5:colcon.colcon_core.verb:set package 'robot_bringup' build argument 'cmake_clean_first' from command line to 'False'
[0.195s] Level 5:colcon.colcon_core.verb:set package 'robot_bringup' build argument 'cmake_force_configure' from command line to 'False'
[0.195s] Level 5:colcon.colcon_core.verb:set package 'robot_bringup' build argument 'ament_cmake_args' from command line to 'None'
[0.195s] Level 5:colcon.colcon_core.verb:set package 'robot_bringup' build argument 'catkin_cmake_args' from command line to 'None'
[0.195s] Level 5:colcon.colcon_core.verb:set package 'robot_bringup' build argument 'catkin_skip_building_tests' from command line to 'False'
[0.195s] DEBUG:colcon.colcon_core.verb:Building package 'robot_bringup' with the following arguments: {'ament_cmake_args': None, 'build_base': '/home/atom/Robotics/lab5/ex04/build/robot_bringup', 'catkin_cmake_args': None, 'catkin_skip_building_tests': False, 'cmake_args': None, 'cmake_clean_cache': False, 'cmake_clean_first': False, 'cmake_force_configure': False, 'cmake_target': None, 'cmake_target_skip_unavailable': False, 'install_base': '/home/atom/Robotics/lab5/ex04/install/robot_bringup', 'merge_install': False, 'path': '/home/atom/Robotics/lab5/ex04/robot_bringup', 'symlink_install': False, 'test_result_base': None}
[0.195s] Level 5:colcon.colcon_core.verb:set package 'robot_description' build argument 'cmake_args' from command line to 'None'
[0.195s] Level 5:colcon.colcon_core.verb:set package 'robot_description' build argument 'cmake_target' from command line to 'None'
[0.195s] Level 5:colcon.colcon_core.verb:set package 'robot_description' build argument 'cmake_target_skip_unavailable' from command line to 'False'
[0.195s] Level 5:colcon.colcon_core.verb:set package 'robot_description' build argument 'cmake_clean_cache' from command line to 'False'
[0.195s] Level 5:colcon.colcon_core.verb:set package 'robot_description' build argument 'cmake_clean_first' from command line to 'False'
[0.195s] Level 5:colcon.colcon_core.verb:set package 'robot_description' build argument 'cmake_force_configure' from command line to 'False'
[0.195s] Level 5:colcon.colcon_core.verb:set package 'robot_description' build argument 'ament_cmake_args' from command line to 'None'
[0.195s] Level 5:colcon.colcon_core.verb:set package 'robot_description' build argument 'catkin_cmake_args' from command line to 'None'
[0.195s] Level 5:colcon.colcon_core.verb:set package 'robot_description' build argument 'catkin_skip_building_tests' from command line to 'False'
[0.195s] DEBUG:colcon.colcon_core.verb:Building package 'robot_description' with the following arguments: {'ament_cmake_args': None, 'build_base': '/home/atom/Robotics/lab5/ex04/build/robot_description', 'catkin_cmake_args': None, 'catkin_skip_building_tests': False, 'cmake_args': None, 'cmake_clean_cache': False, 'cmake_clean_first': False, 'cmake_force_configure': False, 'cmake_target': None, 'cmake_target_skip_unavailable': False, 'install_base': '/home/atom/Robotics/lab5/ex04/install/robot_description', 'merge_install': False, 'path': '/home/atom/Robotics/lab5/ex04/robot_description', 'symlink_install': False, 'test_result_base': None}
[0.195s] INFO:colcon.colcon_core.executor:Executing jobs using 'parallel' executor
[0.196s] DEBUG:colcon.colcon_parallel_executor.executor.parallel:run_until_complete
[0.196s] INFO:colcon.colcon_ros.task.ament_python.build:Building ROS package in '/home/atom/Robotics/lab5/ex04/robot' with build type 'ament_python'
[0.196s] Level 1:colcon.colcon_core.shell:create_environment_hook('robot', 'ament_prefix_path')
[0.199s] INFO:colcon.colcon_core.plugin_system:Skipping extension 'colcon_core.shell.bat': Not used on non-Windows systems
[0.199s] INFO:colcon.colcon_core.shell:Creating environment hook '/home/atom/Robotics/lab5/ex04/install/robot/share/robot/hook/ament_prefix_path.ps1'
[0.200s] INFO:colcon.colcon_core.shell:Creating environment descriptor '/home/atom/Robotics/lab5/ex04/install/robot/share/robot/hook/ament_prefix_path.dsv'
[0.200s] INFO:colcon.colcon_core.shell:Creating environment hook '/home/atom/Robotics/lab5/ex04/install/robot/share/robot/hook/ament_prefix_path.sh'
[0.201s] INFO:colcon.colcon_core.shell:Skip shell extension 'powershell' for command environment: Not usable outside of PowerShell
[0.201s] DEBUG:colcon.colcon_core.shell:Skip shell extension 'dsv' for command environment
[0.204s] INFO:colcon.colcon_ros.task.ament_cmake.build:Building ROS package in '/home/atom/Robotics/lab5/ex04/robot_bringup' with build type 'ament_cmake'
[0.204s] INFO:colcon.colcon_cmake.task.cmake.build:Building CMake package in '/home/atom/Robotics/lab5/ex04/robot_bringup'
[0.204s] INFO:colcon.colcon_core.shell:Skip shell extension 'powershell' for command environment: Not usable outside of PowerShell
[0.204s] DEBUG:colcon.colcon_core.shell:Skip shell extension 'dsv' for command environment
[0.206s] INFO:colcon.colcon_ros.task.ament_cmake.build:Building ROS package in '/home/atom/Robotics/lab5/ex04/robot_description' with build type 'ament_cmake'
[0.206s] INFO:colcon.colcon_cmake.task.cmake.build:Building CMake package in '/home/atom/Robotics/lab5/ex04/robot_description'
[0.206s] INFO:colcon.colcon_core.shell:Skip shell extension 'powershell' for command environment: Not usable outside of PowerShell
[0.206s] DEBUG:colcon.colcon_core.shell:Skip shell extension 'dsv' for command environment
[0.394s] INFO:colcon.colcon_core.task.python.build:Building Python package in '/home/atom/Robotics/lab5/ex04/robot'
[0.394s] INFO:colcon.colcon_core.shell:Skip shell extension 'powershell' for command environment: Not usable outside of PowerShell
[0.394s] DEBUG:colcon.colcon_core.shell:Skip shell extension 'dsv' for command environment
[0.401s] DEBUG:colcon.colcon_core.event_handler.log_command:Invoking command in '/home/atom/Robotics/lab5/ex04/build/robot_bringup': CMAKE_PREFIX_PATH=${CMAKE_PREFIX_PATH}:/home/atom/Robotics/lab5/ex04/install/robot:/opt/ros/humble /usr/bin/cmake --build /home/atom/Robotics/lab5/ex04/build/robot_bringup -- -j16 -l16
[0.404s] DEBUG:colcon.colcon_core.event_handler.log_command:Invoking command in '/home/atom/Robotics/lab5/ex04/build/robot_description': CMAKE_PREFIX_PATH=${CMAKE_PREFIX_PATH}:/home/atom/Robotics/lab5/ex04/install/robot:/opt/ros/humble /usr/bin/cmake --build /home/atom/Robotics/lab5/ex04/build/robot_description -- -j16 -l16
[0.440s] DEBUG:colcon.colcon_core.event_handler.log_command:Invoked command in '/home/atom/Robotics/lab5/ex04/build/robot_description' returned '0': CMAKE_PREFIX_PATH=${CMAKE_PREFIX_PATH}:/home/atom/Robotics/lab5/ex04/install/robot:/opt/ros/humble /usr/bin/cmake --build /home/atom/Robotics/lab5/ex04/build/robot_description -- -j16 -l16
[0.442s] DEBUG:colcon.colcon_core.event_handler.log_command:Invoked command in '/home/atom/Robotics/lab5/ex04/build/robot_bringup' returned '0': CMAKE_PREFIX_PATH=${CMAKE_PREFIX_PATH}:/home/atom/Robotics/lab5/ex04/install/robot:/opt/ros/humble /usr/bin/cmake --build /home/atom/Robotics/lab5/ex04/build/robot_bringup -- -j16 -l16
[0.471s] DEBUG:colcon.colcon_core.event_handler.log_command:Invoking command in '/home/atom/Robotics/lab5/ex04/build/robot_bringup': CMAKE_PREFIX_PATH=${CMAKE_PREFIX_PATH}:/home/atom/Robotics/lab5/ex04/install/robot:/opt/ros/humble /usr/bin/cmake --install /home/atom/Robotics/lab5/ex04/build/robot_bringup
[0.473s] DEBUG:colcon.colcon_core.event_handler.log_command:Invoking command in '/home/atom/Robotics/lab5/ex04/build/robot_description': CMAKE_PREFIX_PATH=${CMAKE_PREFIX_PATH}:/home/atom/Robotics/lab5/ex04/install/robot:/opt/ros/humble /usr/bin/cmake --install /home/atom/Robotics/lab5/ex04/build/robot_description
[0.482s] Level 1:colcon.colcon_core.environment:create_environment_scripts_only(robot_description)
[0.483s] DEBUG:colcon.colcon_core.event_handler.log_command:Invoked command in '/home/atom/Robotics/lab5/ex04/build/robot_description' returned '0': CMAKE_PREFIX_PATH=${CMAKE_PREFIX_PATH}:/home/atom/Robotics/lab5/ex04/install/robot:/opt/ros/humble /usr/bin/cmake --install /home/atom/Robotics/lab5/ex04/build/robot_description
[0.485s] Level 1:colcon.colcon_core.environment:checking '/home/atom/Robotics/lab5/ex04/install/robot_description' for CMake module files
[0.486s] Level 1:colcon.colcon_core.environment:checking '/home/atom/Robotics/lab5/ex04/install/robot_description' for CMake config files
[0.486s] Level 1:colcon.colcon_core.shell:create_environment_hook('robot_description', 'cmake_prefix_path')
[0.486s] INFO:colcon.colcon_core.shell:Creating environment hook '/home/atom/Robotics/lab5/ex04/install/robot_description/share/robot_description/hook/cmake_prefix_path.ps1'
[0.486s] INFO:colcon.colcon_core.shell:Creating environment descriptor '/home/atom/Robotics/lab5/ex04/install/robot_description/share/robot_description/hook/cmake_prefix_path.dsv'
[0.487s] INFO:colcon.colcon_core.shell:Creating environment hook '/home/atom/Robotics/lab5/ex04/install/robot_description/share/robot_description/hook/cmake_prefix_path.sh'
[0.487s] Level 1:colcon.colcon_core.environment:checking '/home/atom/Robotics/lab5/ex04/install/robot_description/bin'
[0.487s] Level 1:colcon.colcon_core.environment:checking '/home/atom/Robotics/lab5/ex04/install/robot_description/lib/pkgconfig/robot_description.pc'
[0.487s] Level 1:colcon.colcon_core.environment:checking '/home/atom/Robotics/lab5/ex04/install/robot_description/lib/python3.10/site-packages'
[0.488s] Level 1:colcon.colcon_core.environment:checking '/home/atom/Robotics/lab5/ex04/install/robot_description/bin'
[0.488s] INFO:colcon.colcon_core.shell:Creating package script '/home/atom/Robotics/lab5/ex04/install/robot_description/share/robot_description/package.ps1'
[0.488s] INFO:colcon.colcon_core.shell:Creating package descriptor '/home/atom/Robotics/lab5/ex04/install/robot_description/share/robot_description/package.dsv'
[0.489s] INFO:colcon.colcon_core.shell:Creating package script '/home/atom/Robotics/lab5/ex04/install/robot_description/share/robot_description/package.sh'
[0.489s] INFO:colcon.colcon_core.shell:Creating package script '/home/atom/Robotics/lab5/ex04/install/robot_description/share/robot_description/package.bash'
[0.490s] INFO:colcon.colcon_core.shell:Creating package script '/home/atom/Robotics/lab5/ex04/install/robot_description/share/robot_description/package.zsh'
[0.490s] Level 1:colcon.colcon_core.environment:create_file_with_runtime_dependencies(/home/atom/Robotics/lab5/ex04/install/robot_description/share/colcon-core/packages/robot_description)
[0.491s] Level 1:colcon.colcon_core.environment:create_environment_scripts_only(robot_bringup)
[0.492s] Level 1:colcon.colcon_core.environment:checking '/home/atom/Robotics/lab5/ex04/install/robot_bringup' for CMake module files
[0.492s] DEBUG:colcon.colcon_core.event_handler.log_command:Invoked command in '/home/atom/Robotics/lab5/ex04/build/robot_bringup' returned '0': CMAKE_PREFIX_PATH=${CMAKE_PREFIX_PATH}:/home/atom/Robotics/lab5/ex04/install/robot:/opt/ros/humble /usr/bin/cmake --install /home/atom/Robotics/lab5/ex04/build/robot_bringup
[0.492s] Level 1:colcon.colcon_core.environment:checking '/home/atom/Robotics/lab5/ex04/install/robot_bringup' for CMake config files
[0.492s] Level 1:colcon.colcon_core.shell:create_environment_hook('robot_bringup', 'cmake_prefix_path')
[0.493s] INFO:colcon.colcon_core.shell:Creating environment hook '/home/atom/Robotics/lab5/ex04/install/robot_bringup/share/robot_bringup/hook/cmake_prefix_path.ps1'
[0.493s] INFO:colcon.colcon_core.shell:Creating environment descriptor '/home/atom/Robotics/lab5/ex04/install/robot_bringup/share/robot_bringup/hook/cmake_prefix_path.dsv'
[0.493s] INFO:colcon.colcon_core.shell:Creating environment hook '/home/atom/Robotics/lab5/ex04/install/robot_bringup/share/robot_bringup/hook/cmake_prefix_path.sh'
[0.493s] Level 1:colcon.colcon_core.environment:checking '/home/atom/Robotics/lab5/ex04/install/robot_bringup/bin'
[0.494s] Level 1:colcon.colcon_core.environment:checking '/home/atom/Robotics/lab5/ex04/install/robot_bringup/lib/pkgconfig/robot_bringup.pc'
[0.494s] Level 1:colcon.colcon_core.environment:checking '/home/atom/Robotics/lab5/ex04/install/robot_bringup/lib/python3.10/site-packages'
[0.494s] Level 1:colcon.colcon_core.environment:checking '/home/atom/Robotics/lab5/ex04/install/robot_bringup/bin'
[0.494s] INFO:colcon.colcon_core.shell:Creating package script '/home/atom/Robotics/lab5/ex04/install/robot_bringup/share/robot_bringup/package.ps1'
[0.494s] INFO:colcon.colcon_core.shell:Creating package descriptor '/home/atom/Robotics/lab5/ex04/install/robot_bringup/share/robot_bringup/package.dsv'
[0.495s] INFO:colcon.colcon_core.shell:Creating package script '/home/atom/Robotics/lab5/ex04/install/robot_bringup/share/robot_bringup/package.sh'
[0.495s] INFO:colcon.colcon_core.shell:Creating package script '/home/atom/Robotics/lab5/ex04/install/robot_bringup/share/robot_bringup/package.bash'
[0.495s] INFO:colcon.colcon_core.shell:Creating package script '/home/atom/Robotics/lab5/ex04/install/robot_bringup/share/robot_bringup/package.zsh'
[0.495s] Level 1:colcon.colcon_core.environment:create_file_with_runtime_dependencies(/home/atom/Robotics/lab5/ex04/install/robot_bringup/share/colcon-core/packages/robot_bringup)
[0.512s] Level 1:colcon.colcon_core.environment:create_environment_scripts_only(robot_description)
[0.512s] Level 1:colcon.colcon_core.environment:checking '/home/atom/Robotics/lab5/ex04/install/robot_description' for CMake module files
[0.513s] Level 1:colcon.colcon_core.environment:checking '/home/atom/Robotics/lab5/ex04/install/robot_description' for CMake config files
[0.513s] Level 1:colcon.colcon_core.shell:create_environment_hook('robot_description', 'cmake_prefix_path')
[0.513s] INFO:colcon.colcon_core.shell:Creating environment hook '/home/atom/Robotics/lab5/ex04/install/robot_description/share/robot_description/hook/cmake_prefix_path.ps1'
[0.514s] INFO:colcon.colcon_core.shell:Creating environment descriptor '/home/atom/Robotics/lab5/ex04/install/robot_description/share/robot_description/hook/cmake_prefix_path.dsv'
[0.514s] INFO:colcon.colcon_core.shell:Creating environment hook '/home/atom/Robotics/lab5/ex04/install/robot_description/share/robot_description/hook/cmake_prefix_path.sh'
[0.514s] Level 1:colcon.colcon_core.environment:checking '/home/atom/Robotics/lab5/ex04/install/robot_description/bin'
[0.514s] Level 1:colcon.colcon_core.environment:checking '/home/atom/Robotics/lab5/ex04/install/robot_description/lib/pkgconfig/robot_description.pc'
[0.515s] Level 1:colcon.colcon_core.environment:checking '/home/atom/Robotics/lab5/ex04/install/robot_description/lib/python3.10/site-packages'
[0.515s] Level 1:colcon.colcon_core.environment:checking '/home/atom/Robotics/lab5/ex04/install/robot_description/bin'
[0.515s] INFO:colcon.colcon_core.shell:Creating package script '/home/atom/Robotics/lab5/ex04/install/robot_description/share/robot_description/package.ps1'
[0.515s] INFO:colcon.colcon_core.shell:Creating package descriptor '/home/atom/Robotics/lab5/ex04/install/robot_description/share/robot_description/package.dsv'
[0.516s] INFO:colcon.colcon_core.shell:Creating package script '/home/atom/Robotics/lab5/ex04/install/robot_description/share/robot_description/package.sh'
[0.516s] INFO:colcon.colcon_core.shell:Creating package script '/home/atom/Robotics/lab5/ex04/install/robot_description/share/robot_description/package.bash'
[0.516s] INFO:colcon.colcon_core.shell:Creating package script '/home/atom/Robotics/lab5/ex04/install/robot_description/share/robot_description/package.zsh'
[0.516s] Level 1:colcon.colcon_core.environment:create_file_with_runtime_dependencies(/home/atom/Robotics/lab5/ex04/install/robot_description/share/colcon-core/packages/robot_description)
[0.517s] Level 1:colcon.colcon_core.environment:create_environment_scripts_only(robot_bringup)
[0.518s] Level 1:colcon.colcon_core.environment:checking '/home/atom/Robotics/lab5/ex04/install/robot_bringup' for CMake module files
[0.518s] Level 1:colcon.colcon_core.environment:checking '/home/atom/Robotics/lab5/ex04/install/robot_bringup' for CMake config files
[0.518s] Level 1:colcon.colcon_core.shell:create_environment_hook('robot_bringup', 'cmake_prefix_path')
[0.518s] INFO:colcon.colcon_core.shell:Creating environment hook '/home/atom/Robotics/lab5/ex04/install/robot_bringup/share/robot_bringup/hook/cmake_prefix_path.ps1'
[0.519s] INFO:colcon.colcon_core.shell:Creating environment descriptor '/home/atom/Robotics/lab5/ex04/install/robot_bringup/share/robot_bringup/hook/cmake_prefix_path.dsv'
[0.519s] INFO:colcon.colcon_core.shell:Creating environment hook '/home/atom/Robotics/lab5/ex04/install/robot_bringup/share/robot_bringup/hook/cmake_prefix_path.sh'
[0.519s] Level 1:colcon.colcon_core.environment:checking '/home/atom/Robotics/lab5/ex04/install/robot_bringup/bin'
[0.519s] Level 1:colcon.colcon_core.environment:checking '/home/atom/Robotics/lab5/ex04/install/robot_bringup/lib/pkgconfig/robot_bringup.pc'
[0.520s] Level 1:colcon.colcon_core.environment:checking '/home/atom/Robotics/lab5/ex04/install/robot_bringup/lib/python3.10/site-packages'
[0.520s] Level 1:colcon.colcon_core.environment:checking '/home/atom/Robotics/lab5/ex04/install/robot_bringup/bin'
[0.520s] INFO:colcon.colcon_core.shell:Creating package script '/home/atom/Robotics/lab5/ex04/install/robot_bringup/share/robot_bringup/package.ps1'
[0.520s] INFO:colcon.colcon_core.shell:Creating package descriptor '/home/atom/Robotics/lab5/ex04/install/robot_bringup/share/robot_bringup/package.dsv'
[0.521s] INFO:colcon.colcon_core.shell:Creating package script '/home/atom/Robotics/lab5/ex04/install/robot_bringup/share/robot_bringup/package.sh'
[0.521s] INFO:colcon.colcon_core.shell:Creating package script '/home/atom/Robotics/lab5/ex04/install/robot_bringup/share/robot_bringup/package.bash'
[0.521s] INFO:colcon.colcon_core.shell:Creating package script '/home/atom/Robotics/lab5/ex04/install/robot_bringup/share/robot_bringup/package.zsh'
[0.521s] Level 1:colcon.colcon_core.environment:create_file_with_runtime_dependencies(/home/atom/Robotics/lab5/ex04/install/robot_bringup/share/colcon-core/packages/robot_bringup)
[0.900s] DEBUG:colcon.colcon_core.event_handler.log_command:Invoking command in '/home/atom/Robotics/lab5/ex04/robot': PYTHONPATH=/home/atom/Robotics/lab5/ex04/build/robot/prefix_override:/usr/lib/python3/dist-packages/colcon_core/task/python/colcon_distutils_commands:/home/atom/Robotics/lab5/ex04/install/robot/lib/python3.10/site-packages:${PYTHONPATH} /usr/bin/python3 -W ignore:setup.py install is deprecated setup.py egg_info --egg-base ../build/robot build --build-base /home/atom/Robotics/lab5/ex04/build/robot/build install --record /home/atom/Robotics/lab5/ex04/build/robot/install.log --single-version-externally-managed install_data
[1.356s] Level 1:colcon.colcon_core.environment:checking '/home/atom/Robotics/lab5/ex04/install/robot' for CMake module files
[1.357s] DEBUG:colcon.colcon_core.event_handler.log_command:Invoked command in '/home/atom/Robotics/lab5/ex04/robot' returned '0': PYTHONPATH=/home/atom/Robotics/lab5/ex04/build/robot/prefix_override:/usr/lib/python3/dist-packages/colcon_core/task/python/colcon_distutils_commands:/home/atom/Robotics/lab5/ex04/install/robot/lib/python3.10/site-packages:${PYTHONPATH} /usr/bin/python3 -W ignore:setup.py install is deprecated setup.py egg_info --egg-base ../build/robot build --build-base /home/atom/Robotics/lab5/ex04/build/robot/build install --record /home/atom/Robotics/lab5/ex04/build/robot/install.log --single-version-externally-managed install_data
[1.357s] Level 1:colcon.colcon_core.environment:checking '/home/atom/Robotics/lab5/ex04/install/robot' for CMake config files
[1.357s] Level 1:colcon.colcon_core.environment:checking '/home/atom/Robotics/lab5/ex04/install/robot/lib'
[1.358s] Level 1:colcon.colcon_core.environment:checking '/home/atom/Robotics/lab5/ex04/install/robot/bin'
[1.358s] Level 1:colcon.colcon_core.environment:checking '/home/atom/Robotics/lab5/ex04/install/robot/lib/pkgconfig/robot.pc'
[1.358s] Level 1:colcon.colcon_core.environment:checking '/home/atom/Robotics/lab5/ex04/install/robot/lib/python3.10/site-packages'
[1.358s] Level 1:colcon.colcon_core.shell:create_environment_hook('robot', 'pythonpath')
[1.358s] INFO:colcon.colcon_core.shell:Creating environment hook '/home/atom/Robotics/lab5/ex04/install/robot/share/robot/hook/pythonpath.ps1'
[1.359s] INFO:colcon.colcon_core.shell:Creating environment descriptor '/home/atom/Robotics/lab5/ex04/install/robot/share/robot/hook/pythonpath.dsv'
[1.359s] INFO:colcon.colcon_core.shell:Creating environment hook '/home/atom/Robotics/lab5/ex04/install/robot/share/robot/hook/pythonpath.sh'
[1.359s] Level 1:colcon.colcon_core.environment:checking '/home/atom/Robotics/lab5/ex04/install/robot/bin'
[1.359s] Level 1:colcon.colcon_core.environment:create_environment_scripts_only(robot)
[1.360s] INFO:colcon.colcon_core.shell:Creating package script '/home/atom/Robotics/lab5/ex04/install/robot/share/robot/package.ps1'
[1.360s] INFO:colcon.colcon_core.shell:Creating package descriptor '/home/atom/Robotics/lab5/ex04/install/robot/share/robot/package.dsv'
[1.360s] INFO:colcon.colcon_core.shell:Creating package script '/home/atom/Robotics/lab5/ex04/install/robot/share/robot/package.sh'
[1.360s] INFO:colcon.colcon_core.shell:Creating package script '/home/atom/Robotics/lab5/ex04/install/robot/share/robot/package.bash'
[1.361s] INFO:colcon.colcon_core.shell:Creating package script '/home/atom/Robotics/lab5/ex04/install/robot/share/robot/package.zsh'
[1.361s] Level 1:colcon.colcon_core.environment:create_file_with_runtime_dependencies(/home/atom/Robotics/lab5/ex04/install/robot/share/colcon-core/packages/robot)
[1.361s] DEBUG:colcon.colcon_parallel_executor.executor.parallel:closing loop
[1.361s] DEBUG:colcon.colcon_parallel_executor.executor.parallel:loop closed
[1.362s] DEBUG:colcon.colcon_parallel_executor.executor.parallel:run_until_complete finished with '0'
[1.362s] DEBUG:colcon.colcon_core.event_reactor:joining thread
[1.366s] INFO:colcon.colcon_core.plugin_system:Skipping extension 'colcon_notification.desktop_notification.terminal_notifier': Not used on non-Darwin systems
[1.366s] INFO:colcon.colcon_core.plugin_system:Skipping extension 'colcon_notification.desktop_notification.win32': Not used on non-Windows systems
[1.366s] INFO:colcon.colcon_notification.desktop_notification:Sending desktop notification using 'notify2'
[1.376s] DEBUG:colcon.colcon_core.event_reactor:joined thread
[1.376s] INFO:colcon.colcon_core.shell:Creating prefix script '/home/atom/Robotics/lab5/ex04/install/local_setup.ps1'
[1.377s] INFO:colcon.colcon_core.shell:Creating prefix util module '/home/atom/Robotics/lab5/ex04/install/_local_setup_util_ps1.py'
[1.378s] INFO:colcon.colcon_core.shell:Creating prefix chain script '/home/atom/Robotics/lab5/ex04/install/setup.ps1'
[1.379s] INFO:colcon.colcon_core.shell:Creating prefix script '/home/atom/Robotics/lab5/ex04/install/local_setup.sh'
[1.379s] INFO:colcon.colcon_core.shell:Creating prefix util module '/home/atom/Robotics/lab5/ex04/install/_local_setup_util_sh.py'
[1.380s] INFO:colcon.colcon_core.shell:Creating prefix chain script '/home/atom/Robotics/lab5/ex04/install/setup.sh'
[1.380s] INFO:colcon.colcon_core.shell:Creating prefix script '/home/atom/Robotics/lab5/ex04/install/local_setup.bash'
[1.381s] INFO:colcon.colcon_core.shell:Creating prefix chain script '/home/atom/Robotics/lab5/ex04/install/setup.bash'
[1.381s] INFO:colcon.colcon_core.shell:Creating prefix script '/home/atom/Robotics/lab5/ex04/install/local_setup.zsh'
[1.382s] INFO:colcon.colcon_core.shell:Creating prefix chain script '/home/atom/Robotics/lab5/ex04/install/setup.zsh'
