[0.871s] Invoking command in '/home/atom/Robotics/lab5/ex04/robot': PYTHONPATH=/home/atom/Robotics/lab5/ex04/build/robot/prefix_override:/usr/lib/python3/dist-packages/colcon_core/task/python/colcon_distutils_commands:/home/atom/Robotics/lab5/ex04/install/robot/lib/python3.10/site-packages:${PYTHONPATH} /usr/bin/python3 -W ignore:setup.py install is deprecated setup.py egg_info --egg-base ../build/robot build --build-base /home/atom/Robotics/lab5/ex04/build/robot/build install --record /home/atom/Robotics/lab5/ex04/build/robot/install.log --single-version-externally-managed install_data
[1.000s] /home/atom/.local/lib/python3.10/site-packages/setuptools/_distutils/dist.py:261: UserWarning: Unknown distribution option: 'tests_require'
[1.001s]   warnings.warn(msg)
[1.111s] running egg_info
[1.112s] creating ../build/robot/robot.egg-info
[1.130s] writing ../build/robot/robot.egg-info/PKG-INFO
[1.131s] writing dependency_links to ../build/robot/robot.egg-info/dependency_links.txt
[1.131s] writing entry points to ../build/robot/robot.egg-info/entry_points.txt
[1.131s] writing requirements to ../build/robot/robot.egg-info/requires.txt
[1.131s] writing top-level names to ../build/robot/robot.egg-info/top_level.txt
[1.131s] writing manifest file '../build/robot/robot.egg-info/SOURCES.txt'
[1.169s] reading manifest file '../build/robot/robot.egg-info/SOURCES.txt'
[1.171s] writing manifest file '../build/robot/robot.egg-info/SOURCES.txt'
[1.171s] running build
[1.171s] running build_py
[1.171s] creating /home/atom/Robotics/lab5/ex04/build/robot/build
[1.171s] creating /home/atom/Robotics/lab5/ex04/build/robot/build/lib
[1.171s] creating /home/atom/Robotics/lab5/ex04/build/robot/build/lib/robot
[1.171s] copying robot/__init__.py -> /home/atom/Robotics/lab5/ex04/build/robot/build/lib/robot
[1.172s] copying robot/cycle.py -> /home/atom/Robotics/lab5/ex04/build/robot/build/lib/robot
[1.172s] running install
[1.175s] running install_lib
[1.193s] creating /home/atom/Robotics/lab5/ex04/install/robot/lib/python3.10/site-packages/robot
[1.193s] copying /home/atom/Robotics/lab5/ex04/build/robot/build/lib/robot/__init__.py -> /home/atom/Robotics/lab5/ex04/install/robot/lib/python3.10/site-packages/robot
[1.193s] copying /home/atom/Robotics/lab5/ex04/build/robot/build/lib/robot/cycle.py -> /home/atom/Robotics/lab5/ex04/install/robot/lib/python3.10/site-packages/robot
[1.194s] byte-compiling /home/atom/Robotics/lab5/ex04/install/robot/lib/python3.10/site-packages/robot/__init__.py to __init__.cpython-310.pyc
[1.194s] byte-compiling /home/atom/Robotics/lab5/ex04/install/robot/lib/python3.10/site-packages/robot/cycle.py to cycle.cpython-310.pyc
[1.194s] running install_data
[1.194s] creating /home/atom/Robotics/lab5/ex04/install/robot/share/ament_index
[1.195s] creating /home/atom/Robotics/lab5/ex04/install/robot/share/ament_index/resource_index
[1.195s] creating /home/atom/Robotics/lab5/ex04/install/robot/share/ament_index/resource_index/packages
[1.195s] copying resource/robot -> /home/atom/Robotics/lab5/ex04/install/robot/share/ament_index/resource_index/packages
[1.195s] copying package.xml -> /home/atom/Robotics/lab5/ex04/install/robot/share/robot
[1.195s] running install_egg_info
[1.214s] Copying ../build/robot/robot.egg-info to /home/atom/Robotics/lab5/ex04/install/robot/lib/python3.10/site-packages/robot-0.0.0-py3.10.egg-info
[1.215s] running install_scripts
[1.339s] Installing cycle script to /home/atom/Robotics/lab5/ex04/install/robot/lib/robot
[1.339s] writing list of installed files to '/home/atom/Robotics/lab5/ex04/build/robot/install.log'
[1.372s] Invoked command in '/home/atom/Robotics/lab5/ex04/robot' returned '0': PYTHONPATH=/home/atom/Robotics/lab5/ex04/build/robot/prefix_override:/usr/lib/python3/dist-packages/colcon_core/task/python/colcon_distutils_commands:/home/atom/Robotics/lab5/ex04/install/robot/lib/python3.10/site-packages:${PYTHONPATH} /usr/bin/python3 -W ignore:setup.py install is deprecated setup.py egg_info --egg-base ../build/robot build --build-base /home/atom/Robotics/lab5/ex04/build/robot/build install --record /home/atom/Robotics/lab5/ex04/build/robot/install.log --single-version-externally-managed install_data
