[0.705s] Invoking command in '/home/atom/Robotics/lab5/ex04/robot': PYTHONPATH=/home/atom/Robotics/lab5/ex04/build/robot/prefix_override:/usr/lib/python3/dist-packages/colcon_core/task/python/colcon_distutils_commands:/home/atom/Robotics/lab5/ex04/install/robot/lib/python3.10/site-packages:${PYTHONPATH} /usr/bin/python3 -W ignore:setup.py install is deprecated setup.py egg_info --egg-base ../build/robot build --build-base /home/atom/Robotics/lab5/ex04/build/robot/build install --record /home/atom/Robotics/lab5/ex04/build/robot/install.log --single-version-externally-managed install_data
[0.824s] /home/atom/.local/lib/python3.10/site-packages/setuptools/_distutils/dist.py:261: UserWarning: Unknown distribution option: 'tests_require'
[0.824s]   warnings.warn(msg)
[0.917s] running egg_info
[0.933s] writing ../build/robot/robot.egg-info/PKG-INFO
[0.933s] writing dependency_links to ../build/robot/robot.egg-info/dependency_links.txt
[0.933s] writing entry points to ../build/robot/robot.egg-info/entry_points.txt
[0.933s] writing requirements to ../build/robot/robot.egg-info/requires.txt
[0.934s] writing top-level names to ../build/robot/robot.egg-info/top_level.txt
[0.966s] reading manifest file '../build/robot/robot.egg-info/SOURCES.txt'
[0.967s] writing manifest file '../build/robot/robot.egg-info/SOURCES.txt'
[0.967s] running build
[0.967s] running build_py
[0.967s] copying robot/__init__.py -> /home/atom/Robotics/lab5/ex04/build/robot/build/lib/robot
[0.968s] running install
[0.971s] running install_lib
[0.987s] running install_data
[0.987s] copying resource/robot -> /home/atom/Robotics/lab5/ex04/install/robot/share/ament_index/resource_index/packages
[0.987s] copying package.xml -> /home/atom/Robotics/lab5/ex04/install/robot/share/robot
[0.987s] running install_egg_info
[1.003s] removing '/home/atom/Robotics/lab5/ex04/install/robot/lib/python3.10/site-packages/robot-0.0.0-py3.10.egg-info' (and everything under it)
[1.003s] Copying ../build/robot/robot.egg-info to /home/atom/Robotics/lab5/ex04/install/robot/lib/python3.10/site-packages/robot-0.0.0-py3.10.egg-info
[1.004s] running install_scripts
[1.126s] Installing cycle script to /home/atom/Robotics/lab5/ex04/install/robot/lib/robot
[1.126s] writing list of installed files to '/home/atom/Robotics/lab5/ex04/build/robot/install.log'
[1.160s] Invoked command in '/home/atom/Robotics/lab5/ex04/robot' returned '0': PYTHONPATH=/home/atom/Robotics/lab5/ex04/build/robot/prefix_override:/usr/lib/python3/dist-packages/colcon_core/task/python/colcon_distutils_commands:/home/atom/Robotics/lab5/ex04/install/robot/lib/python3.10/site-packages:${PYTHONPATH} /usr/bin/python3 -W ignore:setup.py install is deprecated setup.py egg_info --egg-base ../build/robot build --build-base /home/atom/Robotics/lab5/ex04/build/robot/build install --record /home/atom/Robotics/lab5/ex04/build/robot/install.log --single-version-externally-managed install_data
